<?xml version="1.0" encoding="UTF-8"?>
<!-- Generated by org.testng.reporters.JUnitXMLReporter -->
<testsuite hostname="TCSPC05XJF3" ignored="0" name="Demo Test" tests="2" failures="0" timestamp="04 Apr 2018 22:16:26 GMT" time="82.338" errors="0">
  <testcase name="TC 1 Verify that user is able to see Personal Information page for VISA" time="62.219" classname="com.qmetry.qaf.automation.step.client.Scenario"/>
  <testcase name="TC 2 Verify that user is able to see Personal Information page for Mastercard" time="18.901" classname="com.qmetry.qaf.automation.step.client.Scenario"/>
</testsuite> <!-- Demo Test -->
