<?xml version="1.0" encoding="UTF-8"?>
<testsuite xmlns:xsi="http://www.w3.org/2001/XMLSchema-instance" xsi:noNamespaceSchemaLocation="https://maven.apache.org/surefire/maven-surefire-plugin/xsd/surefire-test-report.xsd" name="TestSuite" time="84.702" tests="2" errors="0" skipped="0" failures="0">
  <properties>
[...]
</properties>
  <testcase name="TC 1 Verify that user is able to see Personal Information page for VISA" classname="com.qmetry.qaf.automation.step.client.Scenario" time="62.246"/>
  <testcase name="TC 2 Verify that user is able to see Personal Information page for Mastercard" classname="com.qmetry.qaf.automation.step.client.Scenario" time="18.915"/>
</testsuite>